[debug] [2023-08-02T21:35:55.401Z] ----------------------------------------------------------------------
[debug] [2023-08-02T21:35:55.403Z] Command:       C:\Program Files\nodejs\node.exe C:\Users\thiba\AppData\Roaming\npm\node_modules\firebase-tools\lib\bin\firebase.js emulators:start
[debug] [2023-08-02T21:35:55.404Z] CLI Version:   12.4.7
[debug] [2023-08-02T21:35:55.404Z] Platform:      win32
[debug] [2023-08-02T21:35:55.404Z] Node Version:  v18.12.1
[debug] [2023-08-02T21:35:55.406Z] Time:          Wed Aug 02 2023 23:35:55 GMT+0200 (heure d’été d’Europe centrale)
[debug] [2023-08-02T21:35:55.406Z] ----------------------------------------------------------------------
[debug] 
[debug] [2023-08-02T21:35:55.549Z] > command requires scopes: ["email","openid","https://www.googleapis.com/auth/cloudplatformprojects.readonly","https://www.googleapis.com/auth/firebase","https://www.googleapis.com/auth/cloud-platform"]
[debug] [2023-08-02T21:35:55.550Z] > authorizing via signed-in user (thibaultaxil@gmail.com)
[info] i  emulators: Starting emulators: auth {"metadata":{"emulator":{"name":"hub"},"message":"Starting emulators: auth"}}
[debug] [2023-08-02T21:35:55.578Z] [logging] Logging Emulator only supports listening on one address (127.0.0.1). Not listening on ::1
[debug] [2023-08-02T21:35:55.578Z] [auth] Authentication Emulator only supports listening on one address (127.0.0.1). Not listening on ::1
[debug] [2023-08-02T21:35:55.578Z] assigned listening specs for emulators {"user":{"hub":[{"address":"127.0.0.1","family":"IPv4","port":4400},{"address":"::1","family":"IPv6","port":4400}],"ui":[{"address":"127.0.0.1","family":"IPv4","port":4000},{"address":"::1","family":"IPv6","port":4000}],"logging":[{"address":"127.0.0.1","family":"IPv4","port":4500}],"auth":[{"address":"127.0.0.1","family":"IPv4","port":9099}]},"metadata":{"message":"assigned listening specs for emulators"}}
[debug] [2023-08-02T21:35:55.603Z] [hub] writing locator at C:\Users\thiba\AppData\Local\Temp\hub-car-bones.json
[info] i  ui: downloading ui-v1.11.7.zip... {"metadata":{"emulator":{"name":"ui"},"message":"downloading ui-v1.11.7.zip..."}}
[debug] [2023-08-02T21:36:03.586Z] >>> [apiv2][query] GET https://storage.googleapis.com/firebase-preview-drop/emulator/ui-v1.11.7.zip 
[debug] [2023-08-02T21:36:04.023Z] <<< [apiv2][status] GET https://storage.googleapis.com/firebase-preview-drop/emulator/ui-v1.11.7.zip 200
[debug] [2023-08-02T21:36:04.023Z] <<< [apiv2][body] GET https://storage.googleapis.com/firebase-preview-drop/emulator/ui-v1.11.7.zip [stream]
[debug] [2023-08-02T21:36:04.744Z] Data is 3064105
[debug] [2023-08-02T21:36:04.745Z] [unzip] Entry: client/ (compressed_size=0 bytes, uncompressed_size=0 bytes)
[debug] [2023-08-02T21:36:04.745Z] [unzip] Processing entry: client\
[debug] [2023-08-02T21:36:04.745Z] [unzip] mkdir: C:\Users\thiba\.cache\firebase\emulators\ui-v1.11.7\client\
[debug] [2023-08-02T21:36:04.746Z] [unzip] Entry: client/favicon.ico (compressed_size=2497 bytes, uncompressed_size=7406 bytes)
[debug] [2023-08-02T21:36:04.746Z] [unzip] Processing entry: client\favicon.ico
[debug] [2023-08-02T21:36:04.747Z] [unzip] else mkdir: C:\Users\thiba\.cache\firebase\emulators\ui-v1.11.7\client
[debug] [2023-08-02T21:36:04.748Z] [unzip] deflating: C:\Users\thiba\.cache\firebase\emulators\ui-v1.11.7\client\favicon.ico
[debug] [2023-08-02T21:36:04.754Z] [unzip] Entry: client/apple-touch-icon.png (compressed_size=7231 bytes, uncompressed_size=7367 bytes)
[debug] [2023-08-02T21:36:04.755Z] [unzip] Processing entry: client\apple-touch-icon.png
[debug] [2023-08-02T21:36:04.755Z] [unzip] else mkdir: C:\Users\thiba\.cache\firebase\emulators\ui-v1.11.7\client
[debug] [2023-08-02T21:36:04.755Z] [unzip] deflating: C:\Users\thiba\.cache\firebase\emulators\ui-v1.11.7\client\apple-touch-icon.png
[debug] [2023-08-02T21:36:04.758Z] [unzip] Entry: client/android-chrome-512x512.png (compressed_size=16987 bytes, uncompressed_size=18186 bytes)
[debug] [2023-08-02T21:36:04.758Z] [unzip] Processing entry: client\android-chrome-512x512.png
[debug] [2023-08-02T21:36:04.758Z] [unzip] else mkdir: C:\Users\thiba\.cache\firebase\emulators\ui-v1.11.7\client
[debug] [2023-08-02T21:36:04.759Z] [unzip] deflating: C:\Users\thiba\.cache\firebase\emulators\ui-v1.11.7\client\android-chrome-512x512.png
[debug] [2023-08-02T21:36:04.761Z] [unzip] Entry: client/assets/ (compressed_size=0 bytes, uncompressed_size=0 bytes)
[debug] [2023-08-02T21:36:04.761Z] [unzip] Processing entry: client\assets\
[debug] [2023-08-02T21:36:04.761Z] [unzip] mkdir: C:\Users\thiba\.cache\firebase\emulators\ui-v1.11.7\client\assets\
[debug] [2023-08-02T21:36:04.762Z] [unzip] Entry: client/assets/extensions/ (compressed_size=0 bytes, uncompressed_size=0 bytes)
[debug] [2023-08-02T21:36:04.762Z] [unzip] Processing entry: client\assets\extensions\
[debug] [2023-08-02T21:36:04.762Z] [unzip] mkdir: C:\Users\thiba\.cache\firebase\emulators\ui-v1.11.7\client\assets\extensions\
[debug] [2023-08-02T21:36:04.763Z] [unzip] Entry: client/assets/extensions/default-extension.png (compressed_size=1646 bytes, uncompressed_size=1657 bytes)
[debug] [2023-08-02T21:36:04.763Z] [unzip] Processing entry: client\assets\extensions\default-extension.png
[debug] [2023-08-02T21:36:04.763Z] [unzip] else mkdir: C:\Users\thiba\.cache\firebase\emulators\ui-v1.11.7\client\assets\extensions
[debug] [2023-08-02T21:36:04.763Z] [unzip] deflating: C:\Users\thiba\.cache\firebase\emulators\ui-v1.11.7\client\assets\extensions\default-extension.png
[debug] [2023-08-02T21:36:04.765Z] [unzip] Entry: client/assets/index.58ca09f7.css (compressed_size=37601 bytes, uncompressed_size=321252 bytes)
[debug] [2023-08-02T21:36:04.765Z] [unzip] Processing entry: client\assets\index.58ca09f7.css
[debug] [2023-08-02T21:36:04.765Z] [unzip] else mkdir: C:\Users\thiba\.cache\firebase\emulators\ui-v1.11.7\client\assets
[debug] [2023-08-02T21:36:04.766Z] [unzip] deflating: C:\Users\thiba\.cache\firebase\emulators\ui-v1.11.7\client\assets\index.58ca09f7.css
[debug] [2023-08-02T21:36:04.771Z] [unzip] Entry: client/assets/index.c2583d42.js (compressed_size=526232 bytes, uncompressed_size=1860152 bytes)
[debug] [2023-08-02T21:36:04.771Z] [unzip] Processing entry: client\assets\index.c2583d42.js
[debug] [2023-08-02T21:36:04.771Z] [unzip] else mkdir: C:\Users\thiba\.cache\firebase\emulators\ui-v1.11.7\client\assets
[debug] [2023-08-02T21:36:04.771Z] [unzip] deflating: C:\Users\thiba\.cache\firebase\emulators\ui-v1.11.7\client\assets\index.c2583d42.js
[debug] [2023-08-02T21:36:04.795Z] [unzip] Entry: client/assets/provider-icons/ (compressed_size=0 bytes, uncompressed_size=0 bytes)
[debug] [2023-08-02T21:36:04.795Z] [unzip] Processing entry: client\assets\provider-icons\
[debug] [2023-08-02T21:36:04.795Z] [unzip] mkdir: C:\Users\thiba\.cache\firebase\emulators\ui-v1.11.7\client\assets\provider-icons\
[debug] [2023-08-02T21:36:04.796Z] [unzip] Entry: client/assets/provider-icons/auth_service_oidc.svg (compressed_size=414 bytes, uncompressed_size=858 bytes)
[debug] [2023-08-02T21:36:04.796Z] [unzip] Processing entry: client\assets\provider-icons\auth_service_oidc.svg
[debug] [2023-08-02T21:36:04.796Z] [unzip] else mkdir: C:\Users\thiba\.cache\firebase\emulators\ui-v1.11.7\client\assets\provider-icons
[debug] [2023-08-02T21:36:04.796Z] [unzip] deflating: C:\Users\thiba\.cache\firebase\emulators\ui-v1.11.7\client\assets\provider-icons\auth_service_oidc.svg
[debug] [2023-08-02T21:36:04.798Z] [unzip] Entry: client/assets/provider-icons/auth_service_yahoo.svg (compressed_size=577 bytes, uncompressed_size=1182 bytes)
[debug] [2023-08-02T21:36:04.798Z] [unzip] Processing entry: client\assets\provider-icons\auth_service_yahoo.svg
[debug] [2023-08-02T21:36:04.798Z] [unzip] else mkdir: C:\Users\thiba\.cache\firebase\emulators\ui-v1.11.7\client\assets\provider-icons
[debug] [2023-08-02T21:36:04.798Z] [unzip] deflating: C:\Users\thiba\.cache\firebase\emulators\ui-v1.11.7\client\assets\provider-icons\auth_service_yahoo.svg
[debug] [2023-08-02T21:36:04.800Z] [unzip] Entry: client/assets/provider-icons/auth_service_phone.svg (compressed_size=261 bytes, uncompressed_size=414 bytes)
[debug] [2023-08-02T21:36:04.800Z] [unzip] Processing entry: client\assets\provider-icons\auth_service_phone.svg
[debug] [2023-08-02T21:36:04.800Z] [unzip] else mkdir: C:\Users\thiba\.cache\firebase\emulators\ui-v1.11.7\client\assets\provider-icons
[debug] [2023-08-02T21:36:04.800Z] [unzip] deflating: C:\Users\thiba\.cache\firebase\emulators\ui-v1.11.7\client\assets\provider-icons\auth_service_phone.svg
[debug] [2023-08-02T21:36:04.803Z] [unzip] Entry: client/assets/provider-icons/auth_service_saml.svg (compressed_size=575 bytes, uncompressed_size=1226 bytes)
[debug] [2023-08-02T21:36:04.803Z] [unzip] Processing entry: client\assets\provider-icons\auth_service_saml.svg
[debug] [2023-08-02T21:36:04.803Z] [unzip] else mkdir: C:\Users\thiba\.cache\firebase\emulators\ui-v1.11.7\client\assets\provider-icons
[debug] [2023-08-02T21:36:04.803Z] [unzip] deflating: C:\Users\thiba\.cache\firebase\emulators\ui-v1.11.7\client\assets\provider-icons\auth_service_saml.svg
[debug] [2023-08-02T21:36:04.805Z] [unzip] Entry: client/assets/provider-icons/auth_service_mslive.svg (compressed_size=203 bytes, uncompressed_size=378 bytes)
[debug] [2023-08-02T21:36:04.805Z] [unzip] Processing entry: client\assets\provider-icons\auth_service_mslive.svg
[debug] [2023-08-02T21:36:04.805Z] [unzip] else mkdir: C:\Users\thiba\.cache\firebase\emulators\ui-v1.11.7\client\assets\provider-icons
[debug] [2023-08-02T21:36:04.806Z] [unzip] deflating: C:\Users\thiba\.cache\firebase\emulators\ui-v1.11.7\client\assets\provider-icons\auth_service_mslive.svg
[debug] [2023-08-02T21:36:04.808Z] [unzip] Entry: client/assets/provider-icons/auth_service_facebook.svg (compressed_size=289 bytes, uncompressed_size=457 bytes)
[debug] [2023-08-02T21:36:04.808Z] [unzip] Processing entry: client\assets\provider-icons\auth_service_facebook.svg
[debug] [2023-08-02T21:36:04.808Z] [unzip] else mkdir: C:\Users\thiba\.cache\firebase\emulators\ui-v1.11.7\client\assets\provider-icons
[debug] [2023-08-02T21:36:04.808Z] [unzip] deflating: C:\Users\thiba\.cache\firebase\emulators\ui-v1.11.7\client\assets\provider-icons\auth_service_facebook.svg
[debug] [2023-08-02T21:36:04.810Z] [unzip] Entry: client/assets/provider-icons/auth_service_play_games.svg (compressed_size=565 bytes, uncompressed_size=1173 bytes)
[debug] [2023-08-02T21:36:04.810Z] [unzip] Processing entry: client\assets\provider-icons\auth_service_play_games.svg
[debug] [2023-08-02T21:36:04.810Z] [unzip] else mkdir: C:\Users\thiba\.cache\firebase\emulators\ui-v1.11.7\client\assets\provider-icons
[debug] [2023-08-02T21:36:04.810Z] [unzip] deflating: C:\Users\thiba\.cache\firebase\emulators\ui-v1.11.7\client\assets\provider-icons\auth_service_play_games.svg
[debug] [2023-08-02T21:36:04.812Z] [unzip] Entry: client/assets/provider-icons/auth_service_github.svg (compressed_size=466 bytes, uncompressed_size=838 bytes)
[debug] [2023-08-02T21:36:04.812Z] [unzip] Processing entry: client\assets\provider-icons\auth_service_github.svg
[debug] [2023-08-02T21:36:04.812Z] [unzip] else mkdir: C:\Users\thiba\.cache\firebase\emulators\ui-v1.11.7\client\assets\provider-icons
[debug] [2023-08-02T21:36:04.813Z] [unzip] deflating: C:\Users\thiba\.cache\firebase\emulators\ui-v1.11.7\client\assets\provider-icons\auth_service_github.svg
[debug] [2023-08-02T21:36:04.814Z] [unzip] Entry: client/assets/provider-icons/auth_service_apple.svg (compressed_size=230 bytes, uncompressed_size=334 bytes)
[debug] [2023-08-02T21:36:04.814Z] [unzip] Processing entry: client\assets\provider-icons\auth_service_apple.svg
[debug] [2023-08-02T21:36:04.814Z] [unzip] else mkdir: C:\Users\thiba\.cache\firebase\emulators\ui-v1.11.7\client\assets\provider-icons
[debug] [2023-08-02T21:36:04.815Z] [unzip] deflating: C:\Users\thiba\.cache\firebase\emulators\ui-v1.11.7\client\assets\provider-icons\auth_service_apple.svg
[debug] [2023-08-02T21:36:04.816Z] [unzip] Entry: client/assets/provider-icons/auth_service_google.svg (compressed_size=409 bytes, uncompressed_size=720 bytes)
[debug] [2023-08-02T21:36:04.816Z] [unzip] Processing entry: client\assets\provider-icons\auth_service_google.svg
[debug] [2023-08-02T21:36:04.817Z] [unzip] else mkdir: C:\Users\thiba\.cache\firebase\emulators\ui-v1.11.7\client\assets\provider-icons
[debug] [2023-08-02T21:36:04.817Z] [unzip] deflating: C:\Users\thiba\.cache\firebase\emulators\ui-v1.11.7\client\assets\provider-icons\auth_service_google.svg
[debug] [2023-08-02T21:36:04.819Z] [unzip] Entry: client/assets/provider-icons/auth_service_email.svg (compressed_size=228 bytes, uncompressed_size=326 bytes)
[debug] [2023-08-02T21:36:04.819Z] [unzip] Processing entry: client\assets\provider-icons\auth_service_email.svg
[debug] [2023-08-02T21:36:04.819Z] [unzip] else mkdir: C:\Users\thiba\.cache\firebase\emulators\ui-v1.11.7\client\assets\provider-icons
[debug] [2023-08-02T21:36:04.819Z] [unzip] deflating: C:\Users\thiba\.cache\firebase\emulators\ui-v1.11.7\client\assets\provider-icons\auth_service_email.svg
[debug] [2023-08-02T21:36:04.821Z] [unzip] Entry: client/assets/provider-icons/auth_service_twitter.svg (compressed_size=444 bytes, uncompressed_size=751 bytes)
[debug] [2023-08-02T21:36:04.821Z] [unzip] Processing entry: client\assets\provider-icons\auth_service_twitter.svg
[debug] [2023-08-02T21:36:04.821Z] [unzip] else mkdir: C:\Users\thiba\.cache\firebase\emulators\ui-v1.11.7\client\assets\provider-icons
[debug] [2023-08-02T21:36:04.821Z] [unzip] deflating: C:\Users\thiba\.cache\firebase\emulators\ui-v1.11.7\client\assets\provider-icons\auth_service_twitter.svg
[debug] [2023-08-02T21:36:04.823Z] [unzip] Entry: client/assets/provider-icons/auth_service_game_center.svg (compressed_size=991 bytes, uncompressed_size=3921 bytes)
[debug] [2023-08-02T21:36:04.823Z] [unzip] Processing entry: client\assets\provider-icons\auth_service_game_center.svg
[debug] [2023-08-02T21:36:04.823Z] [unzip] else mkdir: C:\Users\thiba\.cache\firebase\emulators\ui-v1.11.7\client\assets\provider-icons
[debug] [2023-08-02T21:36:04.823Z] [unzip] deflating: C:\Users\thiba\.cache\firebase\emulators\ui-v1.11.7\client\assets\provider-icons\auth_service_game_center.svg
[debug] [2023-08-02T21:36:04.825Z] [unzip] Entry: client/assets/index.c2583d42.js.map (compressed_size=1778557 bytes, uncompressed_size=7961927 bytes)
[debug] [2023-08-02T21:36:04.825Z] [unzip] Processing entry: client\assets\index.c2583d42.js.map
[debug] [2023-08-02T21:36:04.825Z] [unzip] else mkdir: C:\Users\thiba\.cache\firebase\emulators\ui-v1.11.7\client\assets
[debug] [2023-08-02T21:36:04.825Z] [unzip] deflating: C:\Users\thiba\.cache\firebase\emulators\ui-v1.11.7\client\assets\index.c2583d42.js.map
[debug] [2023-08-02T21:36:04.892Z] [unzip] Entry: client/assets/img/ (compressed_size=0 bytes, uncompressed_size=0 bytes)
[debug] [2023-08-02T21:36:04.892Z] [unzip] Processing entry: client\assets\img\
[debug] [2023-08-02T21:36:04.892Z] [unzip] mkdir: C:\Users\thiba\.cache\firebase\emulators\ui-v1.11.7\client\assets\img\
[debug] [2023-08-02T21:36:04.893Z] [unzip] Entry: client/assets/img/database.png (compressed_size=29449 bytes, uncompressed_size=29988 bytes)
[debug] [2023-08-02T21:36:04.893Z] [unzip] Processing entry: client\assets\img\database.png
[debug] [2023-08-02T21:36:04.893Z] [unzip] else mkdir: C:\Users\thiba\.cache\firebase\emulators\ui-v1.11.7\client\assets\img
[debug] [2023-08-02T21:36:04.893Z] [unzip] deflating: C:\Users\thiba\.cache\firebase\emulators\ui-v1.11.7\client\assets\img\database.png
[debug] [2023-08-02T21:36:04.895Z] [unzip] Entry: client/safari-pinned-tab.svg (compressed_size=838 bytes, uncompressed_size=1504 bytes)
[debug] [2023-08-02T21:36:04.895Z] [unzip] Processing entry: client\safari-pinned-tab.svg
[debug] [2023-08-02T21:36:04.895Z] [unzip] else mkdir: C:\Users\thiba\.cache\firebase\emulators\ui-v1.11.7\client
[debug] [2023-08-02T21:36:04.895Z] [unzip] deflating: C:\Users\thiba\.cache\firebase\emulators\ui-v1.11.7\client\safari-pinned-tab.svg
[debug] [2023-08-02T21:36:04.896Z] [unzip] Entry: client/mstile-150x150.png (compressed_size=5406 bytes, uncompressed_size=5723 bytes)
[debug] [2023-08-02T21:36:04.896Z] [unzip] Processing entry: client\mstile-150x150.png
[debug] [2023-08-02T21:36:04.897Z] [unzip] else mkdir: C:\Users\thiba\.cache\firebase\emulators\ui-v1.11.7\client
[debug] [2023-08-02T21:36:04.897Z] [unzip] deflating: C:\Users\thiba\.cache\firebase\emulators\ui-v1.11.7\client\mstile-150x150.png
[debug] [2023-08-02T21:36:04.898Z] [unzip] Entry: client/browserconfig.xml (compressed_size=491 bytes, uncompressed_size=822 bytes)
[debug] [2023-08-02T21:36:04.898Z] [unzip] Processing entry: client\browserconfig.xml
[debug] [2023-08-02T21:36:04.898Z] [unzip] else mkdir: C:\Users\thiba\.cache\firebase\emulators\ui-v1.11.7\client
[debug] [2023-08-02T21:36:04.898Z] [unzip] deflating: C:\Users\thiba\.cache\firebase\emulators\ui-v1.11.7\client\browserconfig.xml
[debug] [2023-08-02T21:36:04.899Z] [unzip] Entry: client/robots.txt (compressed_size=26 bytes, uncompressed_size=26 bytes)
[debug] [2023-08-02T21:36:04.900Z] [unzip] Processing entry: client\robots.txt
[debug] [2023-08-02T21:36:04.900Z] [unzip] else mkdir: C:\Users\thiba\.cache\firebase\emulators\ui-v1.11.7\client
[debug] [2023-08-02T21:36:04.900Z] [unzip] Writing file: C:\Users\thiba\.cache\firebase\emulators\ui-v1.11.7\client\robots.txt
[debug] [2023-08-02T21:36:04.901Z] [unzip] Entry: client/index.html (compressed_size=1363 bytes, uncompressed_size=3064 bytes)
[debug] [2023-08-02T21:36:04.901Z] [unzip] Processing entry: client\index.html
[debug] [2023-08-02T21:36:04.901Z] [unzip] else mkdir: C:\Users\thiba\.cache\firebase\emulators\ui-v1.11.7\client
[debug] [2023-08-02T21:36:04.902Z] [unzip] deflating: C:\Users\thiba\.cache\firebase\emulators\ui-v1.11.7\client\index.html
[debug] [2023-08-02T21:36:04.903Z] [unzip] Entry: client/favicon-16x16.png (compressed_size=757 bytes, uncompressed_size=777 bytes)
[debug] [2023-08-02T21:36:04.903Z] [unzip] Processing entry: client\favicon-16x16.png
[debug] [2023-08-02T21:36:04.903Z] [unzip] else mkdir: C:\Users\thiba\.cache\firebase\emulators\ui-v1.11.7\client
[debug] [2023-08-02T21:36:04.904Z] [unzip] deflating: C:\Users\thiba\.cache\firebase\emulators\ui-v1.11.7\client\favicon-16x16.png
[debug] [2023-08-02T21:36:04.905Z] [unzip] Entry: client/manifest.json (compressed_size=246 bytes, uncompressed_size=551 bytes)
[debug] [2023-08-02T21:36:04.906Z] [unzip] Processing entry: client\manifest.json
[debug] [2023-08-02T21:36:04.906Z] [unzip] else mkdir: C:\Users\thiba\.cache\firebase\emulators\ui-v1.11.7\client
[debug] [2023-08-02T21:36:04.906Z] [unzip] deflating: C:\Users\thiba\.cache\firebase\emulators\ui-v1.11.7\client\manifest.json
[debug] [2023-08-02T21:36:04.907Z] [unzip] Entry: client/favicon-32x32.png (compressed_size=1175 bytes, uncompressed_size=1175 bytes)
[debug] [2023-08-02T21:36:04.907Z] [unzip] Processing entry: client\favicon-32x32.png
[debug] [2023-08-02T21:36:04.907Z] [unzip] else mkdir: C:\Users\thiba\.cache\firebase\emulators\ui-v1.11.7\client
[debug] [2023-08-02T21:36:04.908Z] [unzip] Writing file: C:\Users\thiba\.cache\firebase\emulators\ui-v1.11.7\client\favicon-32x32.png
[debug] [2023-08-02T21:36:04.909Z] [unzip] Entry: client/android-chrome-192x192.png (compressed_size=7602 bytes, uncompressed_size=7834 bytes)
[debug] [2023-08-02T21:36:04.909Z] [unzip] Processing entry: client\android-chrome-192x192.png
[debug] [2023-08-02T21:36:04.909Z] [unzip] else mkdir: C:\Users\thiba\.cache\firebase\emulators\ui-v1.11.7\client
[debug] [2023-08-02T21:36:04.909Z] [unzip] deflating: C:\Users\thiba\.cache\firebase\emulators\ui-v1.11.7\client\android-chrome-192x192.png
[debug] [2023-08-02T21:36:04.910Z] [unzip] Entry: server/ (compressed_size=0 bytes, uncompressed_size=0 bytes)
[debug] [2023-08-02T21:36:04.910Z] [unzip] Processing entry: server\
[debug] [2023-08-02T21:36:04.910Z] [unzip] mkdir: C:\Users\thiba\.cache\firebase\emulators\ui-v1.11.7\server\
[debug] [2023-08-02T21:36:04.911Z] [unzip] Entry: server/server.js (compressed_size=343746 bytes, uncompressed_size=1346374 bytes)
[debug] [2023-08-02T21:36:04.911Z] [unzip] Processing entry: server\server.js
[debug] [2023-08-02T21:36:04.911Z] [unzip] else mkdir: C:\Users\thiba\.cache\firebase\emulators\ui-v1.11.7\server
[debug] [2023-08-02T21:36:04.911Z] [unzip] deflating: C:\Users\thiba\.cache\firebase\emulators\ui-v1.11.7\server\server.js
[debug] [2023-08-02T21:36:04.923Z] [unzip] Entry: server/server.js.map (compressed_size=289157 bytes, uncompressed_size=1325651 bytes)
[debug] [2023-08-02T21:36:04.923Z] [unzip] Processing entry: server\server.js.map
[debug] [2023-08-02T21:36:04.923Z] [unzip] else mkdir: C:\Users\thiba\.cache\firebase\emulators\ui-v1.11.7\server
[debug] [2023-08-02T21:36:04.924Z] [unzip] deflating: C:\Users\thiba\.cache\firebase\emulators\ui-v1.11.7\server\server.js.map
[debug] [2023-08-02T21:36:04.935Z] Ignoring unsupported arg: auto_download {"metadata":{"emulator":{"name":"ui"},"message":"Ignoring unsupported arg: auto_download"}}
[debug] [2023-08-02T21:36:04.935Z] Ignoring unsupported arg: port {"metadata":{"emulator":{"name":"ui"},"message":"Ignoring unsupported arg: port"}}
[debug] [2023-08-02T21:36:04.935Z] Starting Emulator UI with command {"binary":"node","args":["C:\\Users\\thiba\\.cache\\firebase\\emulators\\ui-v1.11.7\\server\\server.js"],"optionalArgs":[],"joinArgs":false} {"metadata":{"emulator":{"name":"ui"},"message":"Starting Emulator UI with command {\"binary\":\"node\",\"args\":[\"C:\\\\Users\\\\thiba\\\\.cache\\\\firebase\\\\emulators\\\\ui-v1.11.7\\\\server\\\\server.js\"],\"optionalArgs\":[],\"joinArgs\":false}"}}
[info] i  ui: Emulator UI logging to ui-debug.log {"metadata":{"emulator":{"name":"ui"},"message":"Emulator UI logging to \u001b[1mui-debug.log\u001b[22m"}}
[debug] [2023-08-02T21:36:05.101Z] Web / API server started at 127.0.0.1:4000
 {"metadata":{"emulator":{"name":"ui"},"message":"Web / API server started at 127.0.0.1:4000\n"}}
[debug] [2023-08-02T21:36:05.101Z] Web / API server started at ::1:4000
 {"metadata":{"emulator":{"name":"ui"},"message":"Web / API server started at ::1:4000\n"}}
[info] 
┌─────────────────────────────────────────────────────────────┐
│ ✔  All emulators ready! It is now safe to connect your app. │
│ i  View Emulator UI at http://127.0.0.1:4000/               │
└─────────────────────────────────────────────────────────────┘

┌────────────────┬────────────────┬────────────────────────────┐
│ Emulator       │ Host:Port      │ View in Emulator UI        │
├────────────────┼────────────────┼────────────────────────────┤
│ Authentication │ 127.0.0.1:9099 │ http://127.0.0.1:4000/auth │
└────────────────┴────────────────┴────────────────────────────┘
  Emulator Hub running at 127.0.0.1:4400
  Other reserved ports: 4500

Issues? Report them at https://github.com/firebase/firebase-tools/issues and attach the *-debug.log files.
 
